#
# There is insufficient memory for the Java Runtime Environment to continue.
# Native memory allocation (mmap) failed to map 134217728 bytes. Error detail: G1 virtual space
# Possible reasons:
#   The system is out of physical RAM or swap space
#   This process is running with CompressedOops enabled, and the Java Heap may be blocking the growth of the native heap
# Possible solutions:
#   Reduce memory load on the system
#   Increase physical memory or swap space
#   Check if swap backing store is full
#   Decrease Java heap size (-Xmx/-Xms)
#   Decrease number of Java threads
#   Decrease Java thread stack sizes (-Xss)
#   Set larger code cache with -XX:ReservedCodeCacheSize=
#   JVM is running with Unscaled Compressed Oops mode in which the Java heap is
#     placed in the first 4GB address space. The Java Heap base address is the
#     maximum limit for the native heap growth. Please use -XX:HeapBaseMinAddress
#     to set the Java Heap base and to place the Java Heap above 4GB virtual address.
# This output file may be truncated or incomplete.
#
#  Out of Memory Error (os_windows.cpp:3766), pid=8588, tid=8704
#
# JRE version:  (25.0.3+1) (build )
# Java VM: OpenJDK 64-Bit Server VM (25.0.3+1-b329.124, mixed mode, sharing, tiered, compressed oops, compressed class ptrs, g1 gc, windows-amd64)
# Core dump will be written. Default location: C:\projects\optimumpool\hs_err_pid8588.mdmp
#

---------------  S U M M A R Y ------------

Command Line: git4idea.http.GitAskPassApp Username for 'https://github.com': 

Host: Intel(R) Xeon(R) Platinum 8171M CPU @ 2.60GHz, 2 cores, 7G,  Windows Server 2022 , 64 bit Build 20348 (10.0.20348.5256)
Time: Tue Jun 16 22:06:44 2026 Coordinated Universal Time elapsed time: 0.041373 seconds (0d 0h 0m 0s)

---------------  T H R E A D  ---------------

Current thread (0x0000026e45751480):  JavaThread "Unknown thread" [_thread_in_vm, id=8704, stack(0x000000fbf7b00000,0x000000fbf7c00000) (1024K)]

Stack: [0x000000fbf7b00000,0x000000fbf7c00000]
Native frames: (J=compiled Java code, j=interpreted, Vv=VM code, C=native code)
V  [jvm.dll+0x7c2709]  (no source info available)
V  [jvm.dll+0x78bdfd]  (no source info available)
V  [jvm.dll+0xa10353]  (no source info available)
V  [jvm.dll+0xa12b4c]  (no source info available)
V  [jvm.dll+0xa13243]  (no source info available)
V  [jvm.dll+0x308006]  (no source info available)
V  [jvm.dll+0x7be915]  (no source info available)
V  [jvm.dll+0x7b18c7]  (no source info available)
V  [jvm.dll+0x40211e]  (no source info available)
V  [jvm.dll+0x409f3b]  (no source info available)
V  [jvm.dll+0x3f6779]  (no source info available)
V  [jvm.dll+0x3f6a2b]  (no source info available)
V  [jvm.dll+0x3cca63]  (no source info available)
V  [jvm.dll+0x3cd6ce]  (no source info available)
V  [jvm.dll+0x9d66c7]  (no source info available)
V  [jvm.dll+0x467862]  (no source info available)
V  [jvm.dll+0x9b9df9]  (no source info available)
V  [jvm.dll+0x509c91]  (no source info available)
V  [jvm.dll+0x50b601]  (no source info available)
C  [jli.dll+0x5422]  (no source info available)
C  [ucrtbase.dll+0x26b4c]  (no source info available)
C  [KERNEL32.DLL+0x14cb0]  (no source info available)
C  [ntdll.dll+0x7edeb]  (no source info available)

Lock stack of current Java thread (top to bottom):


---------------  P R O C E S S  ---------------

Threads class SMR info:
_java_thread_list=0x00007ffc5751c108, length=0, elements={
}

Java Threads: ( => current thread )
Total: 0

Other Threads:
  0x0000026e47a23c00 WorkerThread "GC Thread#0"                     [id=768, stack(0x000000fbf7c00000,0x000000fbf7d00000) (1024K)]
  0x0000026e47a7b010 ConcurrentGCThread "G1 Main Marker"            [id=1364, stack(0x000000fbf7d00000,0x000000fbf7e00000) (1024K)]
  0x0000026e47a7c350 WorkerThread "G1 Conc#0"                       [id=9864, stack(0x000000fbf7e00000,0x000000fbf7f00000) (1024K)]

[error occurred during error reporting (printing all threads), id 0xc0000005, EXCEPTION_ACCESS_VIOLATION (0xc0000005) at pc=0x00007ffc56b3183a]
VM state: not at safepoint (not fully initialized)

VM Mutex/Monitor currently owned by a thread:  ([mutex/lock_event])
[0x00007ffc575a5000] Heap_lock - owner thread: 0x0000026e45751480

Heap address: 0x0000000080000000, size: 2048 MB, Compressed Oops mode: 32-bit

CDS archive(s) mapped at: [0x0000000000000000-0x0000000000000000-0x0000000000000000), size 0, SharedBaseAddress: 0x0000000800000000, ArchiveRelocationMode: 1.
UseCompressedClassPointers 1, UseCompactObjectHeaders 0
Narrow klass pointer bits 32, Max shift 3
Narrow klass base: 0xffffffffffffffff, Narrow klass shift: -1
Encoding Range: [0xffffffffffffffff - 0x000000007fffffff), (2147483648 bytes)
Klass Range:    [0x0000000000000000 - 0x0000000000000000), (0 bytes)
Klass ID Range:  [4294967295 - 0) (1)
No protection zone.

GC Precious Log:
 CardTable entry size: 512
 Card Set container configuration: InlinePtr #cards 5 size 8 Array Of Cards #cards 10 size 36 Howl #buckets 4 coarsen threshold 1843 Howl Bitmap #cards 512 size 80 coarsen threshold 460 Card regions per heap region 1 cards per card region 2048

Heap:
 garbage-first heap   total reserved 2097152K, committed 0K, used 0K [0x0000000080000000, 0x0000000100000000)
  region size 1024K, 0 young (0K), 0 survivors (0K)

Heap Regions: E=young(eden), S=young(survivor), O=old, HS=humongous(starts), HC=humongous(continues), CS=collection set, F=free, TAMS=top-at-mark-start, PB=parsable bottom

Card table byte_map: [0x0000026e5ade0000,0x0000026e5b1e0000] _byte_map_base: 0x0000026e5a9e0000

Marking Bits: (CMBitMap*) 0x0000026e47a253a0
 Bits: [0x0000026e5b1e0000, 0x0000026e5d1e0000)

GC Heap Usage History (0 events):
No events

Metaspace Usage History (0 events):
No events

Dll operation events (1 events):
Event: 0.016 Loaded shared library C:\Program Files\JetBrains\IntelliJ IDEA 2026.1.3\jbr\bin\java.dll

Deoptimization events (0 events):
No events

Classes loaded (0 events):
No events

Classes unloaded (0 events):
No events

Classes redefined (0 events):
No events

Internal exceptions (0 events):
No events

VM Operations (0 events):
No events

Memory protections (0 events):
No events

Nmethod flushes (0 events):
No events

Events (0 events):
No events


Dynamic libraries:
0x00007ff688aa0000 - 0x00007ff688aaa000 	C:\Program Files\JetBrains\IntelliJ IDEA 2026.1.3\jbr\bin\java.exe
0x00007ffc92120000 - 0x00007ffc92325000 	C:\Windows\SYSTEM32\ntdll.dll
0x00007ffc91c50000 - 0x00007ffc91d0d000 	C:\Windows\System32\KERNEL32.DLL
0x00007ffc8fad0000 - 0x00007ffc8fe41000 	C:\Windows\System32\KERNELBASE.dll
0x00007ffc8f6e0000 - 0x00007ffc8f7f0000 	C:\Windows\System32\ucrtbase.dll
0x00007ffc6be30000 - 0x00007ffc6be47000 	C:\Program Files\JetBrains\IntelliJ IDEA 2026.1.3\jbr\bin\jli.dll
0x00007ffc91780000 - 0x00007ffc91926000 	C:\Windows\System32\USER32.dll
0x00007ffc8f6b0000 - 0x00007ffc8f6d6000 	C:\Windows\System32\win32u.dll
0x00007ffc90050000 - 0x00007ffc9007c000 	C:\Windows\System32\GDI32.dll
0x00007ffc8f9b0000 - 0x00007ffc8facd000 	C:\Windows\System32\gdi32full.dll
0x00007ffc8fe50000 - 0x00007ffc8fef0000 	C:\Windows\System32\msvcp_win.dll
0x00007ffc83710000 - 0x00007ffc8372e000 	C:\Program Files\JetBrains\IntelliJ IDEA 2026.1.3\jbr\bin\VCRUNTIME140.dll
0x00007ffc6feb0000 - 0x00007ffc70155000 	C:\Windows\WinSxS\amd64_microsoft.windows.common-controls_6595b64144ccf1df_6.0.20348.4893_none_947c119feeecaa1d\COMCTL32.dll
0x00007ffc90080000 - 0x00007ffc90123000 	C:\Windows\System32\msvcrt.dll
0x00007ffc91e90000 - 0x00007ffc91ec1000 	C:\Windows\System32\IMM32.DLL
0x00007ffc84870000 - 0x00007ffc8487c000 	C:\Program Files\JetBrains\IntelliJ IDEA 2026.1.3\jbr\bin\vcruntime140_1.dll
0x00007ffc830b0000 - 0x00007ffc83139000 	C:\Program Files\JetBrains\IntelliJ IDEA 2026.1.3\jbr\bin\msvcp140.dll
0x00007ffc56750000 - 0x00007ffc576a5000 	C:\Program Files\JetBrains\IntelliJ IDEA 2026.1.3\jbr\bin\server\jvm.dll
0x00007ffc91950000 - 0x00007ffc91a01000 	C:\Windows\System32\ADVAPI32.dll
0x00007ffc904a0000 - 0x00007ffc90542000 	C:\Windows\System32\sechost.dll
0x00007ffc8f680000 - 0x00007ffc8f6a7000 	C:\Windows\System32\bcrypt.dll
0x00007ffc91130000 - 0x00007ffc9124f000 	C:\Windows\System32\RPCRT4.dll
0x00007ffc915c0000 - 0x00007ffc91631000 	C:\Windows\System32\WS2_32.dll
0x00007ffc8f550000 - 0x00007ffc8f59d000 	C:\Windows\SYSTEM32\POWRPROF.dll
0x00007ffc80eb0000 - 0x00007ffc80ed7000 	C:\Windows\SYSTEM32\WINMM.dll
0x00007ffc82bd0000 - 0x00007ffc82bda000 	C:\Windows\SYSTEM32\VERSION.dll
0x00007ffc8f530000 - 0x00007ffc8f543000 	C:\Windows\SYSTEM32\UMPDC.dll
0x00007ffc8e0d0000 - 0x00007ffc8e0e7000 	C:\Windows\SYSTEM32\kernel.appcore.dll
0x00007ffc834f0000 - 0x00007ffc834fa000 	C:\Program Files\JetBrains\IntelliJ IDEA 2026.1.3\jbr\bin\jimage.dll
0x00007ffc84070000 - 0x00007ffc84290000 	C:\Windows\SYSTEM32\DBGHELP.DLL
0x00007ffc84300000 - 0x00007ffc84330000 	C:\Windows\SYSTEM32\dbgcore.DLL
0x00007ffc8f7f0000 - 0x00007ffc8f86f000 	C:\Windows\System32\bcryptPrimitives.dll
0x00007ffc831f0000 - 0x00007ffc8320f000 	C:\Program Files\JetBrains\IntelliJ IDEA 2026.1.3\jbr\bin\java.dll
0x00007ffc91360000 - 0x00007ffc91497000 	C:\Windows\System32\ole32.dll
0x00007ffc90130000 - 0x00007ffc904a0000 	C:\Windows\System32\combase.dll
0x00007ffc90550000 - 0x00007ffc90cab000 	C:\Windows\System32\SHELL32.dll

JVMTI agents: none

dbghelp: loaded successfully - version: 4.0.5 - missing functions: none
symbol engine: initialized successfully - sym options: 0x614 - pdb path: .;C:\Program Files\JetBrains\IntelliJ IDEA 2026.1.3\jbr\bin;C:\Windows\SYSTEM32;C:\Windows\WinSxS\amd64_microsoft.windows.common-controls_6595b64144ccf1df_6.0.20348.4893_none_947c119feeecaa1d;C:\Program Files\JetBrains\IntelliJ IDEA 2026.1.3\jbr\bin\server

VM Arguments:
java_command: git4idea.http.GitAskPassApp Username for 'https://github.com': 
java_class_path (initial): C:/Program Files/JetBrains/IntelliJ IDEA 2026.1.3/plugins/vcs-git/lib/git4idea-rt.jar;C:/Program Files/JetBrains/IntelliJ IDEA 2026.1.3/lib/externalProcess-rt.jar
Launcher Type: SUN_STANDARD

[Global flags]
     intx CICompilerCount                          = 2                                         {product} {ergonomic}
     uint ConcGCThreads                            = 1                                         {product} {ergonomic}
     uint G1ConcRefinementThreads                  = 2                                         {product} {ergonomic}
   size_t G1HeapRegionSize                         = 1048576                                   {product} {ergonomic}
   size_t InitialHeapSize                          = 134217728                                 {product} {ergonomic}
   size_t MarkStackSize                            = 4194304                                   {product} {ergonomic}
   size_t MarkStackSizeMax                         = 536870912                                 {product} {ergonomic}
   size_t MaxHeapSize                              = 2147483648                                {product} {ergonomic}
   size_t MinHeapDeltaBytes                        = 1048576                                   {product} {ergonomic}
   size_t MinHeapSize                              = 8388608                                   {product} {ergonomic}
    uintx NonNMethodCodeHeapSize                   = 5832704                                {pd product} {ergonomic}
    uintx NonProfiledCodeHeapSize                  = 122945536                              {pd product} {ergonomic}
    uintx ProfiledCodeHeapSize                     = 122945536                              {pd product} {ergonomic}
    uintx ReservedCodeCacheSize                    = 251723776                              {pd product} {ergonomic}
     bool SegmentedCodeCache                       = true                                      {product} {ergonomic}
   size_t SoftMaxHeapSize                          = 2147483648                             {manageable} {ergonomic}
     bool UseCompressedOops                        = true                           {product lp64_product} {ergonomic}
     bool UseG1GC                                  = true                                      {product} {ergonomic}
     bool UseLargePagesIndividualAllocation        = false                                  {pd product} {ergonomic}

Logging:
Log output configuration:
 #0: stdout all=warning uptime,level,tags foldmultilines=false
 #1: stderr all=off uptime,level,tags foldmultilines=false

Release file:
<release file has not been read>
Environment Variables:
PATH=C:\Program Files\Git\mingw64\libexec\git-core;C:\Program Files\Git\mingw64\libexec\git-core;C:\Program Files\Git\mingw64\bin;C:\Program Files\Git\usr\bin;C:\Users\azureuser\bin;C:\Program Files\Microsoft\jdk-17.0.10.7-hotspot\bin;C:\Windows\system32;C:\Windows;C:\Windows\System32\Wbem;C:\Windows\System32\WindowsPowerShell\v1.0;C:\Windows\System32\OpenSSH;C:\Program Files\dotnet;C:\Program Files\Git\cmd;C:\Users\azureuser\AppData\Local\Microsoft\WindowsApps;C:\tools\maven\apache-maven-3.9.16\bin;C:\Users\azureuser\AppData\Local\Microsoft\WindowsApps;C:\Program Files\MongoDB\Server\8.3\bin;C:\Users\azureuser\AppData\Local\Microsoft\WindowsApps;C:\Program Files\Erlang OTP\bin;C:\Users\azureuser\AppData\Local\Microsoft\WindowsApps;C:\Program Files\Erlang OTP\bin;C:\Program Files\nodejs;C:\Program Files\Docker\Docker\resources\bin;C:\Users\azureuser\AppData\Local\Microsoft\WindowsApps;C:\Users\azureuser\AppData\Roaming\npm;C:\Users\azureuser\AppData\Local\Programs\Microsoft VS Code\bin
USERNAME=azureuser
DISPLAY=:0.0
LC_ALL=en_US.UTF-8
TERM=xterm-256color
TMPDIR=C:\Users\AZUREU~1\AppData\Local\Temp\2
OS=Windows_NT
PROCESSOR_IDENTIFIER=Intel64 Family 6 Model 85 Stepping 4, GenuineIntel
TMP=C:\Users\AZUREU~1\AppData\Local\Temp\2
TEMP=C:\Users\AZUREU~1\AppData\Local\Temp\2




Compilation memory statistics disabled.

Periodic native trim disabled

JNI global refs:
JNI global refs: 0, weak refs: 0

JNI global refs memory usage: 0, weak refs: 0

Process memory usage:
Resident Set Size: 12072K (0% of 8388148K total physical memory with 169296K free physical memory)

OOME stack traces (most recent first):
Classloader memory used:

---------------  S Y S T E M  ---------------

OS:
 Windows Server 2022 , 64 bit Build 20348 (10.0.20348.5256)
OS uptime: 0 days 1:21 hours
Hyper-V role detected

CPU: total 2 (initial active 2) (1 cores per cpu, 2 threads per core) family 6 model 85 stepping 4 microcode 0xffffffff, cx8, cmov, fxsr, ht, mmx, 3dnowpref, sse, sse2, sse3, ssse3, sse4.1, sse4.2, popcnt, lzcnt, tsc, avx, avx2, aes, erms, clmul, bmi1, bmi2, rtm, adx, fma, vzeroupper, clflush, clflushopt, hv, rdtscp, f16c
Processor Information for the first 2 processors :
  Max Mhz: 2095, Current Mhz: 2095, Mhz Limit: 2095

Memory: 4k page, system-wide physical 8191M (165M free)
TotalPageFile size 10239M (AvailPageFile size 100M)
current process WorkingSet (physical memory assigned to process): 11M, peak: 11M
current process commit charge ("private bytes"): 48M, peak: 176M

vm_info: OpenJDK 64-Bit Server VM (25.0.3+1-b329.124) for windows-amd64 JRE (25.0.3+1-b329.124), built on 2026-04-30 with MS VC++ 17.14 (VS2022)

END.
